## Footprint report - date 10/28/20 11:26:34
## Created by Pcbnew version kicad (5.1.7)-1
## Unit = mm, Angle = deg.

$BeginDESCRIPTION

$BOARD
upper_left_corner 99.964999 43.774999
lower_right_corner 166.303572 102.342500
$EndBOARD

$MODULE "TP413"
reference "TP413"
value "TestPoint"
footprint "Digikey:Test_Point_D1.02mm"
attribut none
position 111.050000 84.520000  orientation 90.00
layer front
$PAD "1"
Shape Circle Layer both
position  0.000000  0.000000  size  2.020000  2.020000  orientation 0.00
drill  1.020000
shape_offset  0.000000  0.000000
$EndPAD
$EndMODULE  TP413

$MODULE "U401"
reference "U401"
value "ESP-32-WROOVER-IE"
footprint "E-Ink:ESP32-WROVER"
attribut smd
position 127.860000 86.730000  orientation 180.00
layer front
$PAD "39"
Shape Circle Layer both
position -2.400000  5.820000  size  0.800000  0.800000  orientation 0.00
drill  0.300000
shape_offset  0.000000  0.000000
$EndPAD
$PAD "39"
Shape Rect Layer front
position -0.400000  7.830000  size  5.000000  5.000000  orientation 0.00
drill  0.000000
shape_offset  0.000000  0.000000
$EndPAD
$PAD "1"
Shape Oval Layer front
position -9.000000  0.910000  size  3.000000  0.900000  orientation 0.00
drill  0.000000
shape_offset  0.000000  0.000000
$EndPAD
$PAD "2"
Shape Oval Layer front
position -9.000000  2.180000  size  3.000000  0.900000  orientation 0.00
drill  0.000000
shape_offset  0.000000  0.000000
$EndPAD
$PAD "3"
Shape Oval Layer front
position -9.000000  3.450000  size  3.000000  0.900000  orientation 0.00
drill  0.000000
shape_offset  0.000000  0.000000
$EndPAD
$PAD "4"
Shape Oval Layer front
position -9.000000  4.720000  size  3.000000  0.900000  orientation 0.00
drill  0.000000
shape_offset  0.000000  0.000000
$EndPAD
$PAD "5"
Shape Oval Layer front
position -9.000000  5.990000  size  3.000000  0.900000  orientation 0.00
drill  0.000000
shape_offset  0.000000  0.000000
$EndPAD
$PAD "6"
Shape Oval Layer front
position -9.000000  7.260000  size  3.000000  0.900000  orientation 0.00
drill  0.000000
shape_offset  0.000000  0.000000
$EndPAD
$PAD "7"
Shape Oval Layer front
position -9.000000  8.530000  size  3.000000  0.900000  orientation 0.00
drill  0.000000
shape_offset  0.000000  0.000000
$EndPAD
$PAD "8"
Shape Oval Layer front
position -9.000000  9.800000  size  3.000000  0.900000  orientation 0.00
drill  0.000000
shape_offset  0.000000  0.000000
$EndPAD
$PAD "9"
Shape Oval Layer front
position -9.000000 11.070000  size  3.000000  0.900000  orientation 0.00
drill  0.000000
shape_offset  0.000000  0.000000
$EndPAD
$PAD "10"
Shape Oval Layer front
position -9.000000 12.340000  size  3.000000  0.900000  orientation 0.00
drill  0.000000
shape_offset  0.000000  0.000000
$EndPAD
$PAD "11"
Shape Oval Layer front
position -9.000000 13.610000  size  3.000000  0.900000  orientation 0.00
drill  0.000000
shape_offset  0.000000  0.000000
$EndPAD
$PAD "12"
Shape Oval Layer front
position -9.000000 14.880000  size  3.000000  0.900000  orientation 0.00
drill  0.000000
shape_offset  0.000000  0.000000
$EndPAD
$PAD "13"
Shape Oval Layer front
position -9.000000 16.150000  size  3.000000  0.900000  orientation 0.00
drill  0.000000
shape_offset  0.000000  0.000000
$EndPAD
$PAD "14"
Shape Oval Layer front
position -9.000000 17.420000  size  3.000000  0.900000  orientation 0.00
drill  0.000000
shape_offset  0.000000  0.000000
$EndPAD
$PAD "15"
Shape Oval Layer front
position -9.000000 18.720000  size  3.000000  0.900000  orientation 0.00
drill  0.000000
shape_offset  0.000000  0.000000
$EndPAD
$PAD "16"
Shape Oval Layer front
position -9.000000 19.990000  size  3.000000  0.900000  orientation 0.00
drill  0.000000
shape_offset  0.000000  0.000000
$EndPAD
$PAD "17"
Shape Oval Layer front
position -9.000000 21.260000  size  3.000000  0.900000  orientation 0.00
drill  0.000000
shape_offset  0.000000  0.000000
$EndPAD
$PAD "18"
Shape Oval Layer front
position -9.000000 22.530000  size  3.000000  0.900000  orientation 0.00
drill  0.000000
shape_offset  0.000000  0.000000
$EndPAD
$PAD "19"
Shape Oval Layer front
position -9.000000 23.800000  size  3.000000  0.900000  orientation 0.00
drill  0.000000
shape_offset  0.000000  0.000000
$EndPAD
$PAD "20"
Shape Oval Layer front
position  9.000000 23.800000  size  3.000000  0.900000  orientation 0.00
drill  0.000000
shape_offset  0.000000  0.000000
$EndPAD
$PAD "21"
Shape Oval Layer front
position  9.000000 22.530000  size  3.000000  0.900000  orientation 0.00
drill  0.000000
shape_offset  0.000000  0.000000
$EndPAD
$PAD "22"
Shape Oval Layer front
position  9.000000 21.260000  size  3.000000  0.900000  orientation 0.00
drill  0.000000
shape_offset  0.000000  0.000000
$EndPAD
$PAD "23"
Shape Oval Layer front
position  9.000000 19.990000  size  3.000000  0.900000  orientation 0.00
drill  0.000000
shape_offset  0.000000  0.000000
$EndPAD
$PAD "24"
Shape Oval Layer front
position  9.000000 18.720000  size  3.000000  0.900000  orientation 0.00
drill  0.000000
shape_offset  0.000000  0.000000
$EndPAD
$PAD "25"
Shape Oval Layer front
position  9.030000 17.420000  size  3.000000  0.900000  orientation 0.00
drill  0.000000
shape_offset  0.000000  0.000000
$EndPAD
$PAD "26"
Shape Oval Layer front
position  9.030000 16.150000  size  3.000000  0.900000  orientation 0.00
drill  0.000000
shape_offset  0.000000  0.000000
$EndPAD
$PAD "27"
Shape Oval Layer front
position  9.030000 14.880000  size  3.000000  0.900000  orientation 0.00
drill  0.000000
shape_offset  0.000000  0.000000
$EndPAD
$PAD "28"
Shape Oval Layer front
position  9.030000 13.610000  size  3.000000  0.900000  orientation 0.00
drill  0.000000
shape_offset  0.000000  0.000000
$EndPAD
$PAD "29"
Shape Oval Layer front
position  9.030000 12.340000  size  3.000000  0.900000  orientation 0.00
drill  0.000000
shape_offset  0.000000  0.000000
$EndPAD
$PAD "30"
Shape Oval Layer front
position  9.030000 11.070000  size  3.000000  0.900000  orientation 0.00
drill  0.000000
shape_offset  0.000000  0.000000
$EndPAD
$PAD "31"
Shape Oval Layer front
position  9.030000  9.800000  size  3.000000  0.900000  orientation 0.00
drill  0.000000
shape_offset  0.000000  0.000000
$EndPAD
$PAD "32"
Shape Oval Layer front
position  9.030000  8.530000  size  3.000000  0.900000  orientation 0.00
drill  0.000000
shape_offset  0.000000  0.000000
$EndPAD
$PAD "33"
Shape Oval Layer front
position  9.030000  7.260000  size  3.000000  0.900000  orientation 0.00
drill  0.000000
shape_offset  0.000000  0.000000
$EndPAD
$PAD "34"
Shape Oval Layer front
position  9.030000  5.990000  size  3.000000  0.900000  orientation 0.00
drill  0.000000
shape_offset  0.000000  0.000000
$EndPAD
$PAD "35"
Shape Oval Layer front
position  9.030000  4.720000  size  3.000000  0.900000  orientation 0.00
drill  0.000000
shape_offset  0.000000  0.000000
$EndPAD
$PAD "36"
Shape Oval Layer front
position  9.030000  3.450000  size  3.000000  0.900000  orientation 0.00
drill  0.000000
shape_offset  0.000000  0.000000
$EndPAD
$PAD "37"
Shape Oval Layer front
position  9.030000  2.180000  size  3.000000  0.900000  orientation 0.00
drill  0.000000
shape_offset  0.000000  0.000000
$EndPAD
$PAD "38"
Shape Oval Layer front
position  9.030000  0.910000  size  3.000000  0.900000  orientation 0.00
drill  0.000000
shape_offset  0.000000  0.000000
$EndPAD
$PAD "39"
Shape Circle Layer both
position -2.400000  6.820000  size  0.800000  0.800000  orientation 0.00
drill  0.300000
shape_offset  0.000000  0.000000
$EndPAD
$PAD "39"
Shape Circle Layer both
position -2.400000  7.820000  size  0.800000  0.800000  orientation 0.00
drill  0.300000
shape_offset  0.000000  0.000000
$EndPAD
$PAD "39"
Shape Circle Layer both
position -2.400000  8.820000  size  0.800000  0.800000  orientation 0.00
drill  0.300000
shape_offset  0.000000  0.000000
$EndPAD
$PAD "39"
Shape Circle Layer both
position -2.400000  9.820000  size  0.800000  0.800000  orientation 0.00
drill  0.300000
shape_offset  0.000000  0.000000
$EndPAD
$PAD "39"
Shape Circle Layer both
position -1.400000  9.820000  size  0.800000  0.800000  orientation 0.00
drill  0.300000
shape_offset  0.000000  0.000000
$EndPAD
$PAD "39"
Shape Circle Layer both
position -1.400000  8.820000  size  0.800000  0.800000  orientation 0.00
drill  0.300000
shape_offset  0.000000  0.000000
$EndPAD
$PAD "39"
Shape Circle Layer both
position -1.400000  7.820000  size  0.800000  0.800000  orientation 0.00
drill  0.300000
shape_offset  0.000000  0.000000
$EndPAD
$PAD "39"
Shape Circle Layer both
position -1.400000  6.820000  size  0.800000  0.800000  orientation 0.00
drill  0.300000
shape_offset  0.000000  0.000000
$EndPAD
$PAD "39"
Shape Circle Layer both
position -1.400000  5.820000  size  0.800000  0.800000  orientation 0.00
drill  0.300000
shape_offset  0.000000  0.000000
$EndPAD
$PAD "39"
Shape Circle Layer both
position  0.600000  5.820000  size  0.800000  0.800000  orientation 0.00
drill  0.300000
shape_offset  0.000000  0.000000
$EndPAD
$PAD "39"
Shape Circle Layer both
position  0.600000  6.820000  size  0.800000  0.800000  orientation 0.00
drill  0.300000
shape_offset  0.000000  0.000000
$EndPAD
$PAD "39"
Shape Circle Layer both
position  0.600000  7.820000  size  0.800000  0.800000  orientation 0.00
drill  0.300000
shape_offset  0.000000  0.000000
$EndPAD
$PAD "39"
Shape Circle Layer both
position  0.600000  8.820000  size  0.800000  0.800000  orientation 0.00
drill  0.300000
shape_offset  0.000000  0.000000
$EndPAD
$PAD "39"
Shape Circle Layer both
position  0.600000  9.820000  size  0.800000  0.800000  orientation 0.00
drill  0.300000
shape_offset  0.000000  0.000000
$EndPAD
$PAD "39"
Shape Circle Layer both
position -0.400000  9.820000  size  0.800000  0.800000  orientation 0.00
drill  0.300000
shape_offset  0.000000  0.000000
$EndPAD
$PAD "39"
Shape Circle Layer both
position -0.400000  8.820000  size  0.800000  0.800000  orientation 0.00
drill  0.300000
shape_offset  0.000000  0.000000
$EndPAD
$PAD "39"
Shape Circle Layer both
position -0.400000  7.820000  size  0.800000  0.800000  orientation 0.00
drill  0.300000
shape_offset  0.000000  0.000000
$EndPAD
$PAD "39"
Shape Circle Layer both
position -0.400000  6.820000  size  0.800000  0.800000  orientation 0.00
drill  0.300000
shape_offset  0.000000  0.000000
$EndPAD
$PAD "39"
Shape Circle Layer both
position -0.400000  5.820000  size  0.800000  0.800000  orientation 0.00
drill  0.300000
shape_offset  0.000000  0.000000
$EndPAD
$PAD "39"
Shape Circle Layer both
position  1.600000  9.820000  size  0.800000  0.800000  orientation 0.00
drill  0.300000
shape_offset  0.000000  0.000000
$EndPAD
$PAD "39"
Shape Circle Layer both
position  1.600000  8.820000  size  0.800000  0.800000  orientation 0.00
drill  0.300000
shape_offset  0.000000  0.000000
$EndPAD
$PAD "39"
Shape Circle Layer both
position  1.600000  7.820000  size  0.800000  0.800000  orientation 0.00
drill  0.300000
shape_offset  0.000000  0.000000
$EndPAD
$PAD "39"
Shape Circle Layer both
position  1.600000  6.820000  size  0.800000  0.800000  orientation 0.00
drill  0.300000
shape_offset  0.000000  0.000000
$EndPAD
$PAD "39"
Shape Circle Layer both
position  1.600000  5.820000  size  0.800000  0.800000  orientation 0.00
drill  0.300000
shape_offset  0.000000  0.000000
$EndPAD
$EndMODULE  U401

$MODULE "R502"
reference "R502"
value "4k7"
footprint "Resistor_SMD:R_0805_2012Metric_Pad1.20x1.40mm_HandSolder"
attribut smd
position 151.228000 72.887000  orientation 270.00
layer front
$PAD "2"
Shape Roundrect Layer front
position  1.000000  0.000000  size  1.200000  1.400000  orientation 0.00
drill  0.000000
shape_offset  0.000000  0.000000
$EndPAD
$PAD "1"
Shape Roundrect Layer front
position -1.000000  0.000000  size  1.200000  1.400000  orientation 0.00
drill  0.000000
shape_offset  0.000000  0.000000
$EndPAD
$EndMODULE  R502

$MODULE "R302"
reference "R302"
value "10M"
footprint "Resistor_SMD:R_0805_2012Metric_Pad1.20x1.40mm_HandSolder"
attribut smd
position 115.160000 46.995000  orientation 90.00
layer front
$PAD "2"
Shape Roundrect Layer front
position  1.000000  0.000000  size  1.200000  1.400000  orientation 0.00
drill  0.000000
shape_offset  0.000000  0.000000
$EndPAD
$PAD "1"
Shape Roundrect Layer front
position -1.000000  0.000000  size  1.200000  1.400000  orientation 0.00
drill  0.000000
shape_offset  0.000000  0.000000
$EndPAD
$EndMODULE  R302

$MODULE "R301"
reference "R301"
value "10M"
footprint "Resistor_SMD:R_0805_2012Metric_Pad1.20x1.40mm_HandSolder"
attribut smd
position 110.715000 46.979000  orientation 90.00
layer front
$PAD "2"
Shape Roundrect Layer front
position  1.000000  0.000000  size  1.200000  1.400000  orientation 0.00
drill  0.000000
shape_offset  0.000000  0.000000
$EndPAD
$PAD "1"
Shape Roundrect Layer front
position -1.000000  0.000000  size  1.200000  1.400000  orientation 0.00
drill  0.000000
shape_offset  0.000000  0.000000
$EndPAD
$EndMODULE  R301

$MODULE "U202"
reference "U202"
value "TPS63031DSKR"
footprint "E-Ink:WSON-8-1EP_3x3mm_P0.5mm_EP1.6x2.0mm"
attribut smd
position 108.050000 63.520000  orientation 90.00
layer front
$PAD "6"
Shape Rect Layer front
position  1.000000  1.258000  size  0.750000  0.250000  orientation 0.00
drill  0.000000
shape_offset  0.000000  0.000000
$EndPAD
$PAD "5"
Shape Rect Layer front
position -1.500000  1.258000  size  0.750000  0.250000  orientation 0.00
drill  0.000000
shape_offset  0.000000  0.000000
$EndPAD
$PAD "3"
Shape Rect Layer front
position -1.500000  0.250000  size  0.750000  0.250000  orientation 0.00
drill  0.000000
shape_offset  0.000000  0.000000
$EndPAD
$PAD "9"
Shape Rect Layer front
position  1.000000 -0.250000  size  0.750000  0.250000  orientation 0.00
drill  0.000000
shape_offset  0.000000  0.000000
$EndPAD
$PAD "10"
Shape Rect Layer front
position  1.000000 -0.750000  size  0.750000  0.250000  orientation 0.00
drill  0.000000
shape_offset  0.000000  0.000000
$EndPAD
$PAD "11"
Shape Rect Layer front
position -0.254000  0.254000  size  1.200000  2.000000  orientation 0.00
drill  0.000000
shape_offset  0.000000  0.000000
$EndPAD
$PAD "1"
Shape Rect Layer front
position -1.500000 -0.750000  size  0.750000  0.250000  orientation 0.00
drill  0.000000
shape_offset  0.000000  0.000000
$EndPAD
$PAD "2"
Shape Rect Layer front
position -1.500000 -0.250000  size  0.750000  0.250000  orientation 0.00
drill  0.000000
shape_offset  0.000000  0.000000
$EndPAD
$PAD "4"
Shape Rect Layer front
position -1.500000  0.750000  size  0.750000  0.250000  orientation 0.00
drill  0.000000
shape_offset  0.000000  0.000000
$EndPAD
$PAD "7"
Shape Rect Layer front
position  1.000000  0.750000  size  0.750000  0.250000  orientation 0.00
drill  0.000000
shape_offset  0.000000  0.000000
$EndPAD
$PAD "8"
Shape Rect Layer front
position  1.000000  0.250000  size  0.750000  0.250000  orientation 0.00
drill  0.000000
shape_offset  0.000000  0.000000
$EndPAD
$EndMODULE  U202

$MODULE "C201"
reference "C201"
value "10µ"
footprint "Capacitor_SMD:C_0805_2012Metric_Pad1.15x1.40mm_HandSolder"
attribut smd
position 156.800000 63.270000  orientation 90.00
layer front
$PAD "2"
Shape Roundrect Layer front
position  1.025000  0.000000  size  1.150000  1.400000  orientation 0.00
drill  0.000000
shape_offset  0.000000  0.000000
$EndPAD
$PAD "1"
Shape Roundrect Layer front
position -1.025000  0.000000  size  1.150000  1.400000  orientation 0.00
drill  0.000000
shape_offset  0.000000  0.000000
$EndPAD
$EndMODULE  C201

$MODULE "C202"
reference "C202"
value "100n"
footprint "Capacitor_SMD:C_0805_2012Metric_Pad1.15x1.40mm_HandSolder"
attribut smd
position 154.550000 63.270000  orientation 90.00
layer front
$PAD "2"
Shape Roundrect Layer front
position  1.025000  0.000000  size  1.150000  1.400000  orientation 0.00
drill  0.000000
shape_offset  0.000000  0.000000
$EndPAD
$PAD "1"
Shape Roundrect Layer front
position -1.025000  0.000000  size  1.150000  1.400000  orientation 0.00
drill  0.000000
shape_offset  0.000000  0.000000
$EndPAD
$EndMODULE  C202

$MODULE "C203"
reference "C203"
value "10µ"
footprint "Capacitor_SMD:C_0805_2012Metric_Pad1.15x1.40mm_HandSolder"
attribut smd
position 111.550000 63.770000  orientation 90.00
layer front
$PAD "2"
Shape Roundrect Layer front
position  1.025000  0.000000  size  1.150000  1.400000  orientation 0.00
drill  0.000000
shape_offset  0.000000  0.000000
$EndPAD
$PAD "1"
Shape Roundrect Layer front
position -1.025000  0.000000  size  1.150000  1.400000  orientation 0.00
drill  0.000000
shape_offset  0.000000  0.000000
$EndPAD
$EndMODULE  C203

$MODULE "C204"
reference "C204"
value "100n"
footprint "Capacitor_SMD:C_0805_2012Metric_Pad1.15x1.40mm_HandSolder"
attribut smd
position 107.050000 59.270000  orientation 90.00
layer front
$PAD "2"
Shape Roundrect Layer front
position  1.025000  0.000000  size  1.150000  1.400000  orientation 0.00
drill  0.000000
shape_offset  0.000000  0.000000
$EndPAD
$PAD "1"
Shape Roundrect Layer front
position -1.025000  0.000000  size  1.150000  1.400000  orientation 0.00
drill  0.000000
shape_offset  0.000000  0.000000
$EndPAD
$EndMODULE  C204

$MODULE "C205"
reference "C205"
value "10µ"
footprint "Capacitor_SMD:C_0805_2012Metric_Pad1.15x1.40mm_HandSolder"
attribut smd
position 104.800000 59.270000  orientation 90.00
layer front
$PAD "2"
Shape Roundrect Layer front
position  1.025000  0.000000  size  1.150000  1.400000  orientation 0.00
drill  0.000000
shape_offset  0.000000  0.000000
$EndPAD
$PAD "1"
Shape Roundrect Layer front
position -1.025000  0.000000  size  1.150000  1.400000  orientation 0.00
drill  0.000000
shape_offset  0.000000  0.000000
$EndPAD
$EndMODULE  C205

$MODULE "C206"
reference "C206"
value "10µ"
footprint "Capacitor_SMD:C_0805_2012Metric_Pad1.15x1.40mm_HandSolder"
attribut smd
position 145.050000 63.270000  orientation 90.00
layer front
$PAD "2"
Shape Roundrect Layer front
position  1.025000  0.000000  size  1.150000  1.400000  orientation 0.00
drill  0.000000
shape_offset  0.000000  0.000000
$EndPAD
$PAD "1"
Shape Roundrect Layer front
position -1.025000  0.000000  size  1.150000  1.400000  orientation 0.00
drill  0.000000
shape_offset  0.000000  0.000000
$EndPAD
$EndMODULE  C206

$MODULE "C207"
reference "C207"
value "10µ"
footprint "Capacitor_SMD:C_0805_2012Metric_Pad1.15x1.40mm_HandSolder"
attribut smd
position 102.800000 63.770000  orientation 90.00
layer front
$PAD "2"
Shape Roundrect Layer front
position  1.025000  0.000000  size  1.150000  1.400000  orientation 0.00
drill  0.000000
shape_offset  0.000000  0.000000
$EndPAD
$PAD "1"
Shape Roundrect Layer front
position -1.025000  0.000000  size  1.150000  1.400000  orientation 0.00
drill  0.000000
shape_offset  0.000000  0.000000
$EndPAD
$EndMODULE  C207

$MODULE "C208"
reference "C208"
value "10µ"
footprint "Capacitor_SMD:C_0805_2012Metric_Pad1.15x1.40mm_HandSolder"
attribut smd
position 142.800000 63.270000  orientation 90.00
layer front
$PAD "2"
Shape Roundrect Layer front
position  1.025000  0.000000  size  1.150000  1.400000  orientation 0.00
drill  0.000000
shape_offset  0.000000  0.000000
$EndPAD
$PAD "1"
Shape Roundrect Layer front
position -1.025000  0.000000  size  1.150000  1.400000  orientation 0.00
drill  0.000000
shape_offset  0.000000  0.000000
$EndPAD
$EndMODULE  C208

$MODULE "C209"
reference "C209"
value "100n"
footprint "Capacitor_SMD:C_0805_2012Metric_Pad1.15x1.40mm_HandSolder"
attribut smd
position 105.050000 63.770000  orientation 90.00
layer front
$PAD "2"
Shape Roundrect Layer front
position  1.025000  0.000000  size  1.150000  1.400000  orientation 0.00
drill  0.000000
shape_offset  0.000000  0.000000
$EndPAD
$PAD "1"
Shape Roundrect Layer front
position -1.025000  0.000000  size  1.150000  1.400000  orientation 0.00
drill  0.000000
shape_offset  0.000000  0.000000
$EndPAD
$EndMODULE  C209

$MODULE "C210"
reference "C210"
value "100n"
footprint "Capacitor_SMD:C_0805_2012Metric_Pad1.15x1.40mm_HandSolder"
attribut smd
position 147.300000 63.270000  orientation 90.00
layer front
$PAD "2"
Shape Roundrect Layer front
position  1.025000  0.000000  size  1.150000  1.400000  orientation 0.00
drill  0.000000
shape_offset  0.000000  0.000000
$EndPAD
$PAD "1"
Shape Roundrect Layer front
position -1.025000  0.000000  size  1.150000  1.400000  orientation 0.00
drill  0.000000
shape_offset  0.000000  0.000000
$EndPAD
$EndMODULE  C210

$MODULE "C301"
reference "C301"
value "10µ"
footprint "Capacitor_SMD:C_0805_2012Metric_Pad1.15x1.40mm_HandSolder"
attribut smd
position 113.001000 46.970000  orientation 270.00
layer front
$PAD "2"
Shape Roundrect Layer front
position  1.025000  0.000000  size  1.150000  1.400000  orientation 0.00
drill  0.000000
shape_offset  0.000000  0.000000
$EndPAD
$PAD "1"
Shape Roundrect Layer front
position -1.025000  0.000000  size  1.150000  1.400000  orientation 0.00
drill  0.000000
shape_offset  0.000000  0.000000
$EndPAD
$EndMODULE  C301

$MODULE "C302"
reference "C302"
value "10µ"
footprint "Capacitor_SMD:C_0805_2012Metric_Pad1.15x1.40mm_HandSolder"
attribut smd
position 117.300000 46.970000  orientation 90.00
layer front
$PAD "2"
Shape Roundrect Layer front
position  1.025000  0.000000  size  1.150000  1.400000  orientation 0.00
drill  0.000000
shape_offset  0.000000  0.000000
$EndPAD
$PAD "1"
Shape Roundrect Layer front
position -1.025000  0.000000  size  1.150000  1.400000  orientation 0.00
drill  0.000000
shape_offset  0.000000  0.000000
$EndPAD
$EndMODULE  C302

$MODULE "C401"
reference "C401"
value "10µ"
footprint "Capacitor_SMD:C_0805_2012Metric_Pad1.15x1.40mm_HandSolder"
attribut smd
position 147.550000 89.770000  orientation 270.00
layer front
$PAD "2"
Shape Roundrect Layer front
position  1.025000  0.000000  size  1.150000  1.400000  orientation 0.00
drill  0.000000
shape_offset  0.000000  0.000000
$EndPAD
$PAD "1"
Shape Roundrect Layer front
position -1.025000  0.000000  size  1.150000  1.400000  orientation 0.00
drill  0.000000
shape_offset  0.000000  0.000000
$EndPAD
$EndMODULE  C401

$MODULE "C402"
reference "C402"
value "100n"
footprint "Capacitor_SMD:C_0805_2012Metric_Pad1.15x1.40mm_HandSolder"
attribut smd
position 145.050000 85.520000  orientation 90.00
layer front
$PAD "2"
Shape Roundrect Layer front
position  1.025000  0.000000  size  1.150000  1.400000  orientation 0.00
drill  0.000000
shape_offset  0.000000  0.000000
$EndPAD
$PAD "1"
Shape Roundrect Layer front
position -1.025000  0.000000  size  1.150000  1.400000  orientation 0.00
drill  0.000000
shape_offset  0.000000  0.000000
$EndPAD
$EndMODULE  C402

$MODULE "C403"
reference "C403"
value "10µ"
footprint "Capacitor_SMD:C_0805_2012Metric_Pad1.15x1.40mm_HandSolder"
attribut smd
position 135.800000 96.520000  orientation 270.00
layer front
$PAD "2"
Shape Roundrect Layer front
position  1.025000  0.000000  size  1.150000  1.400000  orientation 0.00
drill  0.000000
shape_offset  0.000000  0.000000
$EndPAD
$PAD "1"
Shape Roundrect Layer front
position -1.025000  0.000000  size  1.150000  1.400000  orientation 0.00
drill  0.000000
shape_offset  0.000000  0.000000
$EndPAD
$EndMODULE  C403

$MODULE "C404"
reference "C404"
value "100n"
footprint "Capacitor_SMD:C_0805_2012Metric_Pad1.15x1.40mm_HandSolder"
attribut smd
position 138.550000 96.545000  orientation 270.00
layer front
$PAD "2"
Shape Roundrect Layer front
position  1.025000  0.000000  size  1.150000  1.400000  orientation 0.00
drill  0.000000
shape_offset  0.000000  0.000000
$EndPAD
$PAD "1"
Shape Roundrect Layer front
position -1.025000  0.000000  size  1.150000  1.400000  orientation 0.00
drill  0.000000
shape_offset  0.000000  0.000000
$EndPAD
$EndMODULE  C404

$MODULE "C405"
reference "C405"
value "100n"
footprint "Capacitor_SMD:C_0805_2012Metric_Pad1.15x1.40mm_HandSolder"
attribut smd
position 141.300000 96.520000  orientation 270.00
layer front
$PAD "2"
Shape Roundrect Layer front
position  1.025000  0.000000  size  1.150000  1.400000  orientation 0.00
drill  0.000000
shape_offset  0.000000  0.000000
$EndPAD
$PAD "1"
Shape Roundrect Layer front
position -1.025000  0.000000  size  1.150000  1.400000  orientation 0.00
drill  0.000000
shape_offset  0.000000  0.000000
$EndPAD
$EndMODULE  C405

$MODULE "C503"
reference "C503"
value "10µ"
footprint "Capacitor_SMD:C_0805_2012Metric_Pad1.15x1.40mm_HandSolder"
attribut smd
position 150.050000 89.770000  orientation 270.00
layer front
$PAD "2"
Shape Roundrect Layer front
position  1.025000  0.000000  size  1.150000  1.400000  orientation 0.00
drill  0.000000
shape_offset  0.000000  0.000000
$EndPAD
$PAD "1"
Shape Roundrect Layer front
position -1.025000  0.000000  size  1.150000  1.400000  orientation 0.00
drill  0.000000
shape_offset  0.000000  0.000000
$EndPAD
$EndMODULE  C503

$MODULE "C504"
reference "C504"
value "10µ"
footprint "Capacitor_SMD:C_0805_2012Metric_Pad1.15x1.40mm_HandSolder"
attribut smd
position 145.132000 72.887000  orientation 90.00
layer front
$PAD "2"
Shape Roundrect Layer front
position  1.025000  0.000000  size  1.150000  1.400000  orientation 0.00
drill  0.000000
shape_offset  0.000000  0.000000
$EndPAD
$PAD "1"
Shape Roundrect Layer front
position -1.025000  0.000000  size  1.150000  1.400000  orientation 0.00
drill  0.000000
shape_offset  0.000000  0.000000
$EndPAD
$EndMODULE  C504

$MODULE "J501"
reference "J501"
value "S8B-PH-SM4-TB"
footprint "E-Ink:S8B-PH-SM4-TB"
attribut smd
position 141.300000 53.020000  orientation 270.00
layer front
$PAD "1"
Shape Roundrect Layer front
position -1.127500  2.220000  size  3.000000  1.200000  orientation 0.00
drill  0.000000
shape_offset  0.000000  0.000000
$EndPAD
$PAD "2"
Shape Roundrect Layer front
position -1.127500  4.220000  size  3.000000  1.200000  orientation 0.00
drill  0.000000
shape_offset  0.000000  0.000000
$EndPAD
$PAD "3"
Shape Roundrect Layer front
position -1.127500  6.220000  size  3.000000  1.200000  orientation 0.00
drill  0.000000
shape_offset  0.000000  0.000000
$EndPAD
$PAD "4"
Shape Roundrect Layer front
position -1.127500  8.220000  size  3.000000  1.200000  orientation 0.00
drill  0.000000
shape_offset  0.000000  0.000000
$EndPAD
$PAD "5"
Shape Roundrect Layer front
position -1.127500 10.220000  size  3.000000  1.200000  orientation 0.00
drill  0.000000
shape_offset  0.000000  0.000000
$EndPAD
$PAD "6"
Shape Roundrect Layer front
position -1.127500 12.220000  size  3.000000  1.200000  orientation 0.00
drill  0.000000
shape_offset  0.000000  0.000000
$EndPAD
$PAD "7"
Shape Roundrect Layer front
position -1.127500 14.220000  size  3.000000  1.200000  orientation 0.00
drill  0.000000
shape_offset  0.000000  0.000000
$EndPAD
$PAD "8"
Shape Roundrect Layer front
position -1.127500 16.220000  size  3.000000  1.200000  orientation 0.00
drill  0.000000
shape_offset  0.000000  0.000000
$EndPAD
$EndMODULE  J501

$MODULE "J502"
reference "J502"
value "Con.2-Pol"
footprint "E-Ink:Pin-Header_1x2_2.54mm"
attribut none
position 114.300000 79.020000  orientation 270.00
layer front
$PAD "1"
Shape Circle Layer both
position -1.200000  3.240000  size  1.700000  1.700000  orientation 0.00
drill  1.100000
shape_offset  0.000000  0.000000
$EndPAD
$PAD "2"
Shape Circle Layer both
position  1.340000  3.260000  size  1.700000  1.700000  orientation 0.00
drill  1.100000
shape_offset  0.000000  0.000000
$EndPAD
$EndMODULE  J502

$MODULE "L201"
reference "L201"
value "2.2u"
footprint "E-Ink:L_Taiyo-Yuden_MD-3030"
attribut smd
position 108.400000 68.270000  orientation 180.00
layer front
$PAD "1"
Shape Rect Layer front
position -1.100000  0.000000  size  0.800000  2.700000  orientation 0.00
drill  0.000000
shape_offset  0.000000  0.000000
$EndPAD
$PAD "2"
Shape Rect Layer front
position  1.100000  0.000000  size  0.800000  2.700000  orientation 0.00
drill  0.000000
shape_offset  0.000000  0.000000
$EndPAD
$EndMODULE  L201

$MODULE "L202"
reference "L202"
value "2.2u"
footprint "E-Ink:L_Taiyo-Yuden_MD-3030"
attribut smd
position 150.800000 67.770000  orientation 180.00
layer front
$PAD "1"
Shape Rect Layer front
position -1.100000  0.000000  size  0.800000  2.700000  orientation 0.00
drill  0.000000
shape_offset  0.000000  0.000000
$EndPAD
$PAD "2"
Shape Rect Layer front
position  1.100000  0.000000  size  0.800000  2.700000  orientation 0.00
drill  0.000000
shape_offset  0.000000  0.000000
$EndPAD
$EndMODULE  L202

$MODULE "PS501"
reference "PS501"
value "AAA_Batterypack"
footprint "E-Ink:Pin-Header_1x2_2.54mm"
attribut none
position 114.300000 90.020000  orientation 270.00
layer front
$PAD "1"
Shape Circle Layer both
position -1.200000  3.240000  size  1.700000  1.700000  orientation 0.00
drill  1.100000
shape_offset  0.000000  0.000000
$EndPAD
$PAD "2"
Shape Circle Layer both
position  1.340000  3.260000  size  1.700000  1.700000  orientation 0.00
drill  1.100000
shape_offset  0.000000  0.000000
$EndPAD
$EndMODULE  PS501

$MODULE "R203"
reference "R203"
value "10k"
footprint "Resistor_SMD:R_0805_2012Metric_Pad1.15x1.40mm_HandSolder"
attribut smd
position 152.300000 58.770000  orientation 90.00
layer front
$PAD "2"
Shape Roundrect Layer front
position  1.025000  0.000000  size  1.150000  1.400000  orientation 0.00
drill  0.000000
shape_offset  0.000000  0.000000
$EndPAD
$PAD "1"
Shape Roundrect Layer front
position -1.025000  0.000000  size  1.150000  1.400000  orientation 0.00
drill  0.000000
shape_offset  0.000000  0.000000
$EndPAD
$EndMODULE  R203

$MODULE "R204"
reference "R204"
value "100"
footprint "Resistor_SMD:R_0805_2012Metric_Pad1.15x1.40mm_HandSolder"
attribut smd
position 159.050000 63.270000  orientation 90.00
layer front
$PAD "2"
Shape Roundrect Layer front
position  1.025000  0.000000  size  1.150000  1.400000  orientation 0.00
drill  0.000000
shape_offset  0.000000  0.000000
$EndPAD
$PAD "1"
Shape Roundrect Layer front
position -1.025000  0.000000  size  1.150000  1.400000  orientation 0.00
drill  0.000000
shape_offset  0.000000  0.000000
$EndPAD
$EndMODULE  R204

$MODULE "R205"
reference "R205"
value "10k"
footprint "Resistor_SMD:R_0805_2012Metric_Pad1.15x1.40mm_HandSolder"
attribut smd
position 109.300000 59.295000  orientation 90.00
layer front
$PAD "2"
Shape Roundrect Layer front
position  1.025000  0.000000  size  1.150000  1.400000  orientation 0.00
drill  0.000000
shape_offset  0.000000  0.000000
$EndPAD
$PAD "1"
Shape Roundrect Layer front
position -1.025000  0.000000  size  1.150000  1.400000  orientation 0.00
drill  0.000000
shape_offset  0.000000  0.000000
$EndPAD
$EndMODULE  R205

$MODULE "R206"
reference "R206"
value "10k"
footprint "Resistor_SMD:R_0805_2012Metric_Pad1.15x1.40mm_HandSolder"
attribut smd
position 150.050000 58.770000  orientation 90.00
layer front
$PAD "2"
Shape Roundrect Layer front
position  1.025000  0.000000  size  1.150000  1.400000  orientation 0.00
drill  0.000000
shape_offset  0.000000  0.000000
$EndPAD
$PAD "1"
Shape Roundrect Layer front
position -1.025000  0.000000  size  1.150000  1.400000  orientation 0.00
drill  0.000000
shape_offset  0.000000  0.000000
$EndPAD
$EndMODULE  R206

$MODULE "R401"
reference "R401"
value "4k7"
footprint "Resistor_SMD:R_0805_2012Metric_Pad1.15x1.40mm_HandSolder"
attribut smd
position 145.050000 89.795000  orientation 90.00
layer front
$PAD "2"
Shape Roundrect Layer front
position  1.025000  0.000000  size  1.150000  1.400000  orientation 0.00
drill  0.000000
shape_offset  0.000000  0.000000
$EndPAD
$PAD "1"
Shape Roundrect Layer front
position -1.025000  0.000000  size  1.150000  1.400000  orientation 0.00
drill  0.000000
shape_offset  0.000000  0.000000
$EndPAD
$EndMODULE  R401

$MODULE "R501"
reference "R501"
value "4k7"
footprint "Resistor_SMD:R_0805_2012Metric_Pad1.15x1.40mm_HandSolder"
attribut smd
position 147.545000 72.887000  orientation 270.00
layer front
$PAD "2"
Shape Roundrect Layer front
position  1.025000  0.000000  size  1.150000  1.400000  orientation 0.00
drill  0.000000
shape_offset  0.000000  0.000000
$EndPAD
$PAD "1"
Shape Roundrect Layer front
position -1.025000  0.000000  size  1.150000  1.400000  orientation 0.00
drill  0.000000
shape_offset  0.000000  0.000000
$EndPAD
$EndMODULE  R501

$MODULE "U201"
reference "U201"
value "TPS63002DRCR"
footprint "Package_SON:Texas_DRC0010J_ThermalVias"
attribut smd
position 150.800000 63.170000  orientation 90.00
layer front
$PAD "11"
Shape Circle Layer both
position  0.000000 -0.950000  size  0.500000  0.500000  orientation 0.00
drill  0.200000
shape_offset  0.000000  0.000000
$EndPAD
$PAD "11"
Shape Circle Layer both
position  0.575000  0.000000  size  0.500000  0.500000  orientation 0.00
drill  0.200000
shape_offset  0.000000  0.000000
$EndPAD
$PAD "11"
Shape Circle Layer both
position -0.575000  0.000000  size  0.500000  0.500000  orientation 0.00
drill  0.200000
shape_offset  0.000000  0.000000
$EndPAD
$PAD "11"
Shape Circle Layer both
position  0.000000  0.950000  size  0.500000  0.500000  orientation 0.00
drill  0.200000
shape_offset  0.000000  0.000000
$EndPAD
$PAD "11"
Shape CustomShape Layer front
position  0.000000  0.000000  size  1.650000  2.400000  orientation 0.00
drill  0.000000
shape_offset  0.000000  0.000000
$EndPAD
$PAD "10"
Shape Rect Layer front
position  1.400000 -1.000000  size  0.600000  0.240000  orientation 0.00
drill  0.000000
shape_offset  0.000000  0.000000
$EndPAD
$PAD "9"
Shape Rect Layer front
position  1.400000 -0.500000  size  0.600000  0.240000  orientation 0.00
drill  0.000000
shape_offset  0.000000  0.000000
$EndPAD
$PAD "8"
Shape Rect Layer front
position  1.400000  0.000000  size  0.600000  0.240000  orientation 0.00
drill  0.000000
shape_offset  0.000000  0.000000
$EndPAD
$PAD "7"
Shape Rect Layer front
position  1.400000  0.500000  size  0.600000  0.240000  orientation 0.00
drill  0.000000
shape_offset  0.000000  0.000000
$EndPAD
$PAD "6"
Shape Rect Layer front
position  1.400000  1.000000  size  0.600000  0.240000  orientation 0.00
drill  0.000000
shape_offset  0.000000  0.000000
$EndPAD
$PAD "5"
Shape Rect Layer front
position -1.400000  1.000000  size  0.600000  0.240000  orientation 0.00
drill  0.000000
shape_offset  0.000000  0.000000
$EndPAD
$PAD "4"
Shape Rect Layer front
position -1.400000  0.500000  size  0.600000  0.240000  orientation 0.00
drill  0.000000
shape_offset  0.000000  0.000000
$EndPAD
$PAD "3"
Shape Rect Layer front
position -1.400000  0.000000  size  0.600000  0.240000  orientation 0.00
drill  0.000000
shape_offset  0.000000  0.000000
$EndPAD
$PAD "2"
Shape Rect Layer front
position -1.400000 -0.500000  size  0.600000  0.240000  orientation 0.00
drill  0.000000
shape_offset  0.000000  0.000000
$EndPAD
$PAD "1"
Shape Rect Layer front
position -1.400000 -1.000000  size  0.600000  0.240000  orientation 0.00
drill  0.000000
shape_offset  0.000000  0.000000
$EndPAD
$PAD ""
Shape Roundrect Layer nocopper
position  0.250000  1.530000  size  0.250000  0.340000  orientation 0.00
drill  0.000000
shape_offset  0.000000  0.000000
$EndPAD
$PAD ""
Shape Roundrect Layer nocopper
position -0.250000  1.530000  size  0.250000  0.340000  orientation 0.00
drill  0.000000
shape_offset  0.000000  0.000000
$EndPAD
$PAD ""
Shape Roundrect Layer nocopper
position  0.250000 -1.530000  size  0.250000  0.340000  orientation 0.00
drill  0.000000
shape_offset  0.000000  0.000000
$EndPAD
$PAD ""
Shape Roundrect Layer nocopper
position -0.250000 -1.530000  size  0.250000  0.340000  orientation 0.00
drill  0.000000
shape_offset  0.000000  0.000000
$EndPAD
$PAD ""
Shape Roundrect Layer nocopper
position  0.000000 -0.630000  size  1.500000  1.060000  orientation 0.00
drill  0.000000
shape_offset  0.000000  0.000000
$EndPAD
$PAD ""
Shape Roundrect Layer nocopper
position  0.000000  0.630000  size  1.500000  1.060000  orientation 0.00
drill  0.000000
shape_offset  0.000000  0.000000
$EndPAD
$EndMODULE  U201

$MODULE "S501"
reference "S501"
value "1825910-6"
footprint "Digikey:Switch_Tactile_SMD_6x6mm"
attribut smd
position 158.300000 87.770000  orientation 0.00
layer front
$PAD "1"
Shape Rect Layer front
position -4.550000 -2.250000  size  1.400000  2.100000  orientation 270.00
drill  0.000000
shape_offset  0.000000  0.000000
$EndPAD
$PAD "3"
Shape Rect Layer front
position -4.550000  2.250000  size  1.400000  2.100000  orientation 270.00
drill  0.000000
shape_offset  0.000000  0.000000
$EndPAD
$PAD "4"
Shape Rect Layer front
position  4.550000  2.250000  size  1.400000  2.100000  orientation 270.00
drill  0.000000
shape_offset  0.000000  0.000000
$EndPAD
$PAD "2"
Shape Rect Layer front
position  4.550000 -2.250000  size  1.400000  2.100000  orientation 270.00
drill  0.000000
shape_offset  0.000000  0.000000
$EndPAD
$EndMODULE  S501

$MODULE "S502"
reference "S502"
value "1825910-6"
footprint "Digikey:Switch_Tactile_SMD_6x6mm"
attribut smd
position 158.300000 78.270000  orientation 0.00
layer front
$PAD "1"
Shape Rect Layer front
position -4.550000 -2.250000  size  1.400000  2.100000  orientation 270.00
drill  0.000000
shape_offset  0.000000  0.000000
$EndPAD
$PAD "3"
Shape Rect Layer front
position -4.550000  2.250000  size  1.400000  2.100000  orientation 270.00
drill  0.000000
shape_offset  0.000000  0.000000
$EndPAD
$PAD "4"
Shape Rect Layer front
position  4.550000  2.250000  size  1.400000  2.100000  orientation 270.00
drill  0.000000
shape_offset  0.000000  0.000000
$EndPAD
$PAD "2"
Shape Rect Layer front
position  4.550000 -2.250000  size  1.400000  2.100000  orientation 270.00
drill  0.000000
shape_offset  0.000000  0.000000
$EndPAD
$EndMODULE  S502

$MODULE "TP201"
reference "TP201"
value "TestPoint"
footprint "Digikey:Test_Point_D1.02mm"
attribut none
position 115.300000 97.520000  orientation 0.00
layer front
$PAD "1"
Shape Circle Layer both
position  0.000000  0.000000  size  2.020000  2.020000  orientation 0.00
drill  1.020000
shape_offset  0.000000  0.000000
$EndPAD
$EndMODULE  TP201

$MODULE "TP202"
reference "TP202"
value "TestPoint"
footprint "Digikey:Test_Point_D1.02mm"
attribut none
position 104.300000 84.520000  orientation 90.00
layer front
$PAD "1"
Shape Circle Layer both
position  0.000000  0.000000  size  2.020000  2.020000  orientation 0.00
drill  1.020000
shape_offset  0.000000  0.000000
$EndPAD
$EndMODULE  TP202

$MODULE "TP401"
reference "TP401"
value "TestPoint"
footprint "Digikey:Test_Point_D1.02mm"
attribut none
position 111.800000 97.520000  orientation 0.00
layer front
$PAD "1"
Shape Circle Layer both
position  0.000000  0.000000  size  2.020000  2.020000  orientation 0.00
drill  1.020000
shape_offset  0.000000  0.000000
$EndPAD
$EndMODULE  TP401

$MODULE "TP402"
reference "TP402"
value "TestPoint"
footprint "Digikey:Test_Point_D1.02mm"
attribut none
position 108.300000 97.520000  orientation 0.00
layer front
$PAD "1"
Shape Circle Layer both
position  0.000000  0.000000  size  2.020000  2.020000  orientation 0.00
drill  1.020000
shape_offset  0.000000  0.000000
$EndPAD
$EndMODULE  TP402

$MODULE "TP403"
reference "TP403"
value "TestPoint"
footprint "Digikey:Test_Point_D1.02mm"
attribut none
position 162.800000 61.770000  orientation 0.00
layer front
$PAD "1"
Shape Circle Layer both
position  0.000000  0.000000  size  2.020000  2.020000  orientation 0.00
drill  1.020000
shape_offset  0.000000  0.000000
$EndPAD
$EndMODULE  TP403

$MODULE "TP404"
reference "TP404"
value "TestPoint"
footprint "Digikey:Test_Point_D1.02mm"
attribut none
position 162.800000 58.270000  orientation 0.00
layer front
$PAD "1"
Shape Circle Layer both
position  0.000000  0.000000  size  2.020000  2.020000  orientation 0.00
drill  1.020000
shape_offset  0.000000  0.000000
$EndPAD
$EndMODULE  TP404

$MODULE "TP405"
reference "TP405"
value "TestPoint"
footprint "Digikey:Test_Point_D1.02mm"
attribut none
position 162.800000 54.770000  orientation 0.00
layer front
$PAD "1"
Shape Circle Layer both
position  0.000000  0.000000  size  2.020000  2.020000  orientation 0.00
drill  1.020000
shape_offset  0.000000  0.000000
$EndPAD
$EndMODULE  TP405

$MODULE "TP406"
reference "TP406"
value "TestPoint"
footprint "Digikey:Test_Point_D1.02mm"
attribut none
position 162.800000 68.770000  orientation 0.00
layer front
$PAD "1"
Shape Circle Layer both
position  0.000000  0.000000  size  2.020000  2.020000  orientation 0.00
drill  1.020000
shape_offset  0.000000  0.000000
$EndPAD
$EndMODULE  TP406

$MODULE "TP407"
reference "TP407"
value "TestPoint"
footprint "Digikey:Test_Point_D1.02mm"
attribut none
position 162.800000 65.270000  orientation 0.00
layer front
$PAD "1"
Shape Circle Layer both
position  0.000000  0.000000  size  2.020000  2.020000  orientation 0.00
drill  1.020000
shape_offset  0.000000  0.000000
$EndPAD
$EndMODULE  TP407

$MODULE "TP408"
reference "TP408"
value "TestPoint"
footprint "Digikey:Test_Point_D1.02mm"
attribut none
position 118.800000 97.520000  orientation 0.00
layer front
$PAD "1"
Shape Circle Layer both
position  0.000000  0.000000  size  2.020000  2.020000  orientation 0.00
drill  1.020000
shape_offset  0.000000  0.000000
$EndPAD
$EndMODULE  TP408

$MODULE "TP409"
reference "TP409"
value "TestPoint"
footprint "Digikey:Test_Point_D1.02mm"
attribut none
position 122.300000 97.520000  orientation 0.00
layer front
$PAD "1"
Shape Circle Layer both
position  0.000000  0.000000  size  2.020000  2.020000  orientation 0.00
drill  1.020000
shape_offset  0.000000  0.000000
$EndPAD
$EndMODULE  TP409

$MODULE "TP410"
reference "TP410"
value "TestPoint"
footprint "Digikey:Test_Point_D1.02mm"
attribut none
position 125.800000 97.520000  orientation 0.00
layer front
$PAD "1"
Shape Circle Layer both
position  0.000000  0.000000  size  2.020000  2.020000  orientation 0.00
drill  1.020000
shape_offset  0.000000  0.000000
$EndPAD
$EndMODULE  TP410

$MODULE "TP411"
reference "TP411"
value "TestPoint"
footprint "Digikey:Test_Point_D1.02mm"
attribut none
position 129.300000 97.520000  orientation 0.00
layer front
$PAD "1"
Shape Circle Layer both
position  0.000000  0.000000  size  2.020000  2.020000  orientation 0.00
drill  1.020000
shape_offset  0.000000  0.000000
$EndPAD
$EndMODULE  TP411

$MODULE "TP412"
reference "TP412"
value "TestPoint"
footprint "Digikey:Test_Point_D1.02mm"
attribut none
position 111.050000 73.520000  orientation 90.00
layer front
$PAD "1"
Shape Circle Layer both
position  0.000000  0.000000  size  2.020000  2.020000  orientation 0.00
drill  1.020000
shape_offset  0.000000  0.000000
$EndPAD
$EndMODULE  TP412

$MODULE "TP414"
reference "TP414"
value "TestPoint"
footprint "Digikey:Test_Point_D1.02mm"
attribut none
position 162.800000 72.270000  orientation 0.00
layer front
$PAD "1"
Shape Circle Layer both
position  0.000000  0.000000  size  2.020000  2.020000  orientation 0.00
drill  1.020000
shape_offset  0.000000  0.000000
$EndPAD
$EndMODULE  TP414

$EndDESCRIPTION
